<?xml version="1.0" encoding="UTF-8"?>
<testng-results ignored="0" total="3" passed="3" failed="0" skipped="0">
  <reporter-output>
  </reporter-output>
  <suite started-at="2022-07-20T09:39:09 IST" name="Default suite" finished-at="2022-07-20T09:39:34 IST" duration-ms="24435">
    <groups>
      <group name="cucumber">
        <method signature="AbstractTestNGCucumberTests.runScenario(io.cucumber.testng.PickleWrapper,io.cucumber.testng.FeatureWrapper)[pri:0, instance:TestRunner.TestRunner2@6fd77352]" name="runScenario" class="io.cucumber.testng.AbstractTestNGCucumberTests"/>
      </group> <!-- cucumber -->
    </groups>
    <test started-at="2022-07-20T09:39:09 IST" name="Default test" finished-at="2022-07-20T09:39:34 IST" duration-ms="24435">
      <class name="TestRunner.TestRunner2">
        <test-method is-config="true" signature="setUpClass(org.testng.ITestContext)[pri:0, instance:TestRunner.TestRunner2@6fd77352]" started-at="2022-07-20T09:39:09 IST" name="setUpClass" finished-at="2022-07-20T09:39:10 IST" duration-ms="1093" status="PASS">
          <params>
            <param index="0">
              <value>
                <![CDATA[org.testng.TestRunner@c3fd72]]>
              </value>
            </param>
          </params>
          <reporter-output>
          </reporter-output>
        </test-method> <!-- setUpClass -->
        <test-method signature="runScenario(io.cucumber.testng.PickleWrapper,io.cucumber.testng.FeatureWrapper)[pri:0, instance:TestRunner.TestRunner2@6fd77352]" started-at="2022-07-20T09:39:10 IST" name="runScenario" description="Runs Cucumber Scenarios" data-provider="scenarios" finished-at="2022-07-20T09:39:16 IST" duration-ms="5564" status="PASS">
          <params>
            <param index="0">
              <value>
                <![CDATA["I want to verifying of the URL."]]>
              </value>
            </param>
            <param index="1">
              <value>
                <![CDATA["feature to test the functionality of browser."]]>
              </value>
            </param>
          </params>
          <reporter-output>
          </reporter-output>
        </test-method> <!-- runScenario -->
        <test-method signature="runScenario(io.cucumber.testng.PickleWrapper,io.cucumber.testng.FeatureWrapper)[pri:0, instance:TestRunner.TestRunner2@6fd77352]" started-at="2022-07-20T09:39:16 IST" name="runScenario" description="Runs Cucumber Scenarios" data-provider="scenarios" finished-at="2022-07-20T09:39:25 IST" duration-ms="8688" status="PASS">
          <params>
            <param index="0">
              <value>
                <![CDATA["Checking the fuctionality for valid data."]]>
              </value>
            </param>
            <param index="1">
              <value>
                <![CDATA["To verifying the login functionality."]]>
              </value>
            </param>
          </params>
          <reporter-output>
          </reporter-output>
        </test-method> <!-- runScenario -->
        <test-method signature="runScenario(io.cucumber.testng.PickleWrapper,io.cucumber.testng.FeatureWrapper)[pri:0, instance:TestRunner.TestRunner2@6fd77352]" started-at="2022-07-20T09:39:25 IST" name="runScenario" description="Runs Cucumber Scenarios" data-provider="scenarios" finished-at="2022-07-20T09:39:33 IST" duration-ms="8801" status="PASS">
          <params>
            <param index="0">
              <value>
                <![CDATA["Checking the fuctionality for valid data."]]>
              </value>
            </param>
            <param index="1">
              <value>
                <![CDATA["To verifying the login functionality."]]>
              </value>
            </param>
          </params>
          <reporter-output>
          </reporter-output>
        </test-method> <!-- runScenario -->
        <test-method is-config="true" signature="tearDownClass()[pri:0, instance:TestRunner.TestRunner2@6fd77352]" started-at="2022-07-20T09:39:33 IST" name="tearDownClass" finished-at="2022-07-20T09:39:34 IST" duration-ms="127" status="PASS">
          <reporter-output>
          </reporter-output>
        </test-method> <!-- tearDownClass -->
      </class> <!-- TestRunner.TestRunner2 -->
    </test> <!-- Default test -->
  </suite> <!-- Default suite -->
</testng-results>
